#
# A fatal error has been detected by the Java Runtime Environment:
#
#  Internal Error (classFileParser.cpp:3494), pid=28103, tid=3061009216
#  Error: ShouldNotReachHere()
#
# JRE version: 6.0_27-b27
# Java VM: OpenJDK Server VM (20.0-b12 mixed mode linux-x86 )
# Derivative: IcedTea6 1.12.5
# Distribution: Ubuntu 12.04 LTS, package 6b27-1.12.5-0ubuntu0.12.04.1
# If you would like to submit a bug report, please include
# instructions how to reproduce the bug and visit:
#   https://bugs.launchpad.net/ubuntu/+source/openjdk-6/
#

---------------  T H R E A D  ---------------

Current thread (0xb6507800):  JavaThread "Unknown thread" [_thread_in_vm, id=28110, stack(0xb66e4000,0xb6735000)]

Stack: [0xb66e4000,0xb6735000]
[error occurred during error reporting (printing stack bounds), id 0xb]


[error occurred during error reporting (printing native stack), id 0xb]


---------------  P R O C E S S  ---------------

Java Threads: ( => current thread )

Other Threads:

=>0xb6507800 (exited) JavaThread "Unknown thread" [_thread_in_vm, id=28110, stack(0xb66e4000,0xb6735000)]

VM state:not at safepoint (not fully initialized)

VM Mutex/Monitor currently owned by a thread: None

Dynamic libraries:
08048000-08051000 r-xp 00000000 08:06 671503     /usr/lib/jvm/java-6-openjdk-i386/jre/bin/java
08051000-08052000 r--p 00008000 08:06 671503     /usr/lib/jvm/java-6-openjdk-i386/jre/bin/java
08052000-08053000 rw-p 00009000 08:06 671503     /usr/lib/jvm/java-6-openjdk-i386/jre/bin/java
08ea0000-08ec1000 rw-p 00000000 00:00 0          [heap]
7d500000-7d521000 rw-p 00000000 00:00 0 
7d521000-7d600000 ---p 00000000 00:00 0 
7d63a000-7d700000 r--s 0116f000 08:06 678107     /home/fear-sfx/Desktop/Android/android-sdks/platforms/android-17/android.jar
7d700000-7d721000 rw-p 00000000 00:00 0 
7d721000-7d800000 ---p 00000000 00:00 0 
7d860000-7d861000 ---p 00000000 00:00 0 
7d861000-7d8e1000 rw-p 00000000 00:00 0          [stack:28112]
7d8e1000-7d8e2000 ---p 00000000 00:00 0 
7d8e2000-7d96a000 rw-p 00000000 00:00 0          [stack:28111]
7d96a000-7d9a2000 rw-p 00000000 00:00 0 
7d9a2000-7d9b2000 rw-p 00000000 00:00 0 
7d9b2000-7da94000 rw-p 00000000 00:00 0 
7da94000-7da9c000 rw-p 00000000 00:00 0 
7da9c000-7dad4000 rw-p 00000000 00:00 0 
7dad4000-7dae4000 rw-p 00000000 00:00 0 
7dae4000-7dbc6000 rw-p 00000000 00:00 0 
7dbc6000-7dbce000 rw-p 00000000 00:00 0 
7dbce000-7dc3f000 rw-p 00000000 00:00 0 
7dc3f000-7ec40000 rw-p 00000000 00:00 0 
7ec40000-85c40000 rw-p 00000000 00:00 0 
85c40000-87a80000 rw-p 00000000 00:00 0 
87a80000-a4040000 rw-p 00000000 00:00 0 
a4040000-a4f50000 rw-p 00000000 00:00 0 
a4f50000-b3240000 rw-p 00000000 00:00 0 
b3240000-b3249000 rw-p 00000000 00:00 0 
b3249000-b3300000 rw-p 00000000 00:00 0 
b3300000-b3540000 rwxp 00000000 00:00 0 
b3540000-b6300000 rw-p 00000000 00:00 0 
b6300000-b6500000 r--p 00000000 08:06 532014     /usr/lib/locale/locale-archive
b6500000-b6563000 rw-p 00000000 00:00 0 
b6563000-b6600000 ---p 00000000 00:00 0 
b661d000-b6628000 r-xp 00000000 08:06 261677     /lib/i386-linux-gnu/libnss_files-2.15.so
b6628000-b6629000 r--p 0000a000 08:06 261677     /lib/i386-linux-gnu/libnss_files-2.15.so
b6629000-b662a000 rw-p 0000b000 08:06 261677     /lib/i386-linux-gnu/libnss_files-2.15.so
b662a000-b6634000 r-xp 00000000 08:06 266015     /lib/i386-linux-gnu/libnss_nis-2.15.so
b6634000-b6635000 r--p 00009000 08:06 266015     /lib/i386-linux-gnu/libnss_nis-2.15.so
b6635000-b6636000 rw-p 0000a000 08:06 266015     /lib/i386-linux-gnu/libnss_nis-2.15.so
b6636000-b664c000 r-xp 00000000 08:06 266077     /lib/i386-linux-gnu/libnsl-2.15.so
b664c000-b664d000 r--p 00015000 08:06 266077     /lib/i386-linux-gnu/libnsl-2.15.so
b664d000-b664e000 rw-p 00016000 08:06 266077     /lib/i386-linux-gnu/libnsl-2.15.so
b664e000-b6650000 rw-p 00000000 00:00 0 
b6650000-b6657000 r-xp 00000000 08:06 261675     /lib/i386-linux-gnu/libnss_compat-2.15.so
b6657000-b6658000 r--p 00006000 08:06 261675     /lib/i386-linux-gnu/libnss_compat-2.15.so
b6658000-b6659000 rw-p 00007000 08:06 261675     /lib/i386-linux-gnu/libnss_compat-2.15.so
b665c000-b6663000 r-xp 00000000 08:06 710892     /usr/lib/jvm/java-6-openjdk-i386/jre/lib/i386/libzip.so
b6663000-b6664000 r--p 00006000 08:06 710892     /usr/lib/jvm/java-6-openjdk-i386/jre/lib/i386/libzip.so
b6664000-b6665000 rw-p 00007000 08:06 710892     /usr/lib/jvm/java-6-openjdk-i386/jre/lib/i386/libzip.so
b6665000-b666d000 rw-s 00000000 08:06 22467      /tmp/hsperfdata_fear-sfx/28103
b666d000-b6670000 r-xp 00000000 08:06 710886     /usr/lib/jvm/java-6-openjdk-i386/jre/lib/i386/libnpt.so
b6670000-b6671000 r--p 00002000 08:06 710886     /usr/lib/jvm/java-6-openjdk-i386/jre/lib/i386/libnpt.so
b6671000-b6672000 rw-p 00003000 08:06 710886     /usr/lib/jvm/java-6-openjdk-i386/jre/lib/i386/libnpt.so
b6672000-b66b0000 r-xp 00000000 08:06 710916     /usr/lib/jvm/java-6-openjdk-i386/jre/lib/i386/libjdwp.so
b66b0000-b66b1000 r--p 0003d000 08:06 710916     /usr/lib/jvm/java-6-openjdk-i386/jre/lib/i386/libjdwp.so
b66b1000-b66b2000 rw-p 0003e000 08:06 710916     /usr/lib/jvm/java-6-openjdk-i386/jre/lib/i386/libjdwp.so
b66b2000-b66d8000 r-xp 00000000 08:06 710887     /usr/lib/jvm/java-6-openjdk-i386/jre/lib/i386/libjava.so
b66d8000-b66d9000 r--p 00025000 08:06 710887     /usr/lib/jvm/java-6-openjdk-i386/jre/lib/i386/libjava.so
b66d9000-b66db000 rw-p 00026000 08:06 710887     /usr/lib/jvm/java-6-openjdk-i386/jre/lib/i386/libjava.so
b66db000-b66e2000 r-xp 00000000 08:06 262563     /lib/i386-linux-gnu/librt-2.15.so
b66e2000-b66e3000 r--p 00006000 08:06 262563     /lib/i386-linux-gnu/librt-2.15.so
b66e3000-b66e4000 rw-p 00007000 08:06 262563     /lib/i386-linux-gnu/librt-2.15.so
b66e4000-b66e7000 ---p 00000000 00:00 0 
b66e7000-b6735000 rw-p 00000000 00:00 0          [stack:28110]
b6735000-b6751000 r-xp 00000000 08:06 262486     /lib/i386-linux-gnu/libgcc_s.so.1
b6751000-b6752000 r--p 0001b000 08:06 262486     /lib/i386-linux-gnu/libgcc_s.so.1
b6752000-b6753000 rw-p 0001c000 08:06 262486     /lib/i386-linux-gnu/libgcc_s.so.1
b6753000-b677d000 r-xp 00000000 08:06 266063     /lib/i386-linux-gnu/libm-2.15.so
b677d000-b677e000 r--p 00029000 08:06 266063     /lib/i386-linux-gnu/libm-2.15.so
b677e000-b677f000 rw-p 0002a000 08:06 266063     /lib/i386-linux-gnu/libm-2.15.so
b677f000-b6857000 r-xp 00000000 08:06 528356     /usr/lib/i386-linux-gnu/libstdc++.so.6.0.16
b6857000-b6858000 ---p 000d8000 08:06 528356     /usr/lib/i386-linux-gnu/libstdc++.so.6.0.16
b6858000-b685c000 r--p 000d8000 08:06 528356     /usr/lib/i386-linux-gnu/libstdc++.so.6.0.16
b685c000-b685d000 rw-p 000dc000 08:06 528356     /usr/lib/i386-linux-gnu/libstdc++.so.6.0.16
b685d000-b6864000 rw-p 00000000 00:00 0 
b6864000-b7083000 r-xp 00000000 08:06 710902     /usr/lib/jvm/java-6-openjdk-i386/jre/lib/i386/server/libjvm.so
b7083000-b70c8000 r--p 0081f000 08:06 710902     /usr/lib/jvm/java-6-openjdk-i386/jre/lib/i386/server/libjvm.so
b70c8000-b70d7000 rw-p 00864000 08:06 710902     /usr/lib/jvm/java-6-openjdk-i386/jre/lib/i386/server/libjvm.so
b70d7000-b74f3000 rw-p 00000000 00:00 0 
b74f3000-b7507000 r-xp 00000000 08:06 262576     /lib/i386-linux-gnu/libz.so.1.2.3.4
b7507000-b7508000 r--p 00013000 08:06 262576     /lib/i386-linux-gnu/libz.so.1.2.3.4
b7508000-b7509000 rw-p 00014000 08:06 262576     /lib/i386-linux-gnu/libz.so.1.2.3.4
b7509000-b76ac000 r-xp 00000000 08:06 261673     /lib/i386-linux-gnu/libc-2.15.so
b76ac000-b76ae000 r--p 001a3000 08:06 261673     /lib/i386-linux-gnu/libc-2.15.so
b76ae000-b76af000 rw-p 001a5000 08:06 261673     /lib/i386-linux-gnu/libc-2.15.so
b76af000-b76b2000 rw-p 00000000 00:00 0 
b76b2000-b76b5000 r-xp 00000000 08:06 266071     /lib/i386-linux-gnu/libdl-2.15.so
b76b5000-b76b6000 r--p 00002000 08:06 266071     /lib/i386-linux-gnu/libdl-2.15.so
b76b6000-b76b7000 rw-p 00003000 08:06 266071     /lib/i386-linux-gnu/libdl-2.15.so
b76b7000-b76bb000 r-xp 00000000 08:06 710895     /usr/lib/jvm/java-6-openjdk-i386/jre/lib/i386/jli/libjli.so
b76bb000-b76bc000 r--p 00003000 08:06 710895     /usr/lib/jvm/java-6-openjdk-i386/jre/lib/i386/jli/libjli.so
b76bc000-b76bd000 rw-p 00004000 08:06 710895     /usr/lib/jvm/java-6-openjdk-i386/jre/lib/i386/jli/libjli.so
b76bd000-b76be000 rw-p 00000000 00:00 0 
b76be000-b76d5000 r-xp 00000000 08:06 266016     /lib/i386-linux-gnu/libpthread-2.15.so
b76d5000-b76d6000 r--p 00016000 08:06 266016     /lib/i386-linux-gnu/libpthread-2.15.so
b76d6000-b76d7000 rw-p 00017000 08:06 266016     /lib/i386-linux-gnu/libpthread-2.15.so
b76d7000-b76d9000 rw-p 00000000 00:00 0 
b76dc000-b76dd000 r--p 005e0000 08:06 532014     /usr/lib/locale/locale-archive
b76dd000-b76de000 rw-p 00000000 00:00 0 
b76de000-b76df000 r--p 00000000 00:00 0 
b76df000-b76ea000 r-xp 00000000 08:06 710910     /usr/lib/jvm/java-6-openjdk-i386/jre/lib/i386/libverify.so
b76ea000-b76eb000 ---p 0000b000 08:06 710910     /usr/lib/jvm/java-6-openjdk-i386/jre/lib/i386/libverify.so
b76eb000-b76ec000 r--p 0000b000 08:06 710910     /usr/lib/jvm/java-6-openjdk-i386/jre/lib/i386/libverify.so
b76ec000-b76ed000 rw-p 0000c000 08:06 710910     /usr/lib/jvm/java-6-openjdk-i386/jre/lib/i386/libverify.so
b76ed000-b76ef000 rw-p 00000000 00:00 0 
b76ef000-b76f0000 r-xp 00000000 00:00 0          [vdso]
b76f0000-b7710000 r-xp 00000000 08:06 266065     /lib/i386-linux-gnu/ld-2.15.so
b7710000-b7711000 r--p 0001f000 08:06 266065     /lib/i386-linux-gnu/ld-2.15.so
b7711000-b7712000 rw-p 00020000 08:06 266065     /lib/i386-linux-gnu/ld-2.15.so
bf934000-bf955000 rw-p 00000000 00:00 0          [stack]

VM Arguments:
jvm_args: -agentlib:jdwp=transport=dt_socket,suspend=y,address=localhost:55374 -Dfile.encoding=UTF-8 -Xbootclasspath:/home/fear-sfx/Desktop/Android/android-sdks/platforms/android-17/android.jar 
java_command: org.eclipse.jdt.internal.junit.runner.RemoteTestRunner -version 3 -port 37272 -testLoaderClass org.eclipse.jdt.internal.junit.runner.junit3.JUnit3TestLoader -loaderpluginname org.eclipse.jdt.junit.runtime -classNames com.fearsfx.cheatersParadise.test.DownloaderTest
Launcher Type: SUN_STANDARD

Environment Variables:
PATH=/usr/lib/lightdm/lightdm:/usr/local/sbin:/usr/local/bin:/usr/sbin:/usr/bin:/sbin:/bin:/usr/games
LD_LIBRARY_PATH=/usr/lib/jvm/java-6-openjdk-i386/jre/lib/i386/server:/usr/lib/jvm/java-6-openjdk-i386/jre/lib/i386:/usr/lib/jvm/java-6-openjdk-i386/jre/../lib/i386:/usr/lib/jvm/java-6-openjdk-i386/jre/lib/i386/client:/usr/lib/jvm/java-6-openjdk-i386/jre/lib/i386:
SHELL=/bin/bash
DISPLAY=:0

Signal Handlers:
SIGSEGV: [libjvm.so+0x66b2b0], sa_mask[0]=0x7ffbfeff, sa_flags=0x10000004
SIGBUS: [libjvm.so+0x66b2b0], sa_mask[0]=0x7ffbfeff, sa_flags=0x10000004
SIGFPE: [libjvm.so+0x52e950], sa_mask[0]=0x7ffbfeff, sa_flags=0x10000004
SIGPIPE: [libjvm.so+0x52e950], sa_mask[0]=0x7ffbfeff, sa_flags=0x10000004
SIGXFSZ: [libjvm.so+0x52e950], sa_mask[0]=0x7ffbfeff, sa_flags=0x10000004
SIGILL: [libjvm.so+0x52e950], sa_mask[0]=0x7ffbfeff, sa_flags=0x10000004
SIGUSR1: SIG_DFL, sa_mask[0]=0x00000000, sa_flags=0x00000000
SIGUSR2: [libjvm.so+0x52e7e0], sa_mask[0]=0x00000004, sa_flags=0x10000004
SIGHUP: SIG_DFL, sa_mask[0]=0x00000000, sa_flags=0x00000000
SIGINT: SIG_DFL, sa_mask[0]=0x00000000, sa_flags=0x00000000
SIGTERM: SIG_DFL, sa_mask[0]=0x00000000, sa_flags=0x00000000
SIGQUIT: SIG_DFL, sa_mask[0]=0x00000000, sa_flags=0x00000000


---------------  S Y S T E M  ---------------

OS:Ubuntu 12.04 (precise)
uname:Linux 3.5.0-28-generic #48~precise1-Ubuntu SMP Wed Apr 24 21:43:05 UTC 2013 i686
libc:glibc 2.15 NPTL 2.15 
rlimit: STACK 8192k, CORE 0k, NPROC 23053, NOFILE 4096, AS infinity
load average:0.24 0.45 0.66

/proc/meminfo:
MemTotal:        2966668 kB
MemFree:          409228 kB
Buffers:           99776 kB
Cached:          1050812 kB
SwapCached:         1868 kB
Active:          1431036 kB
Inactive:        1001728 kB
Active(anon):     967336 kB
Inactive(anon):   549712 kB
Active(file):     463700 kB
Inactive(file):   452016 kB
Unevictable:          40 kB
Mlocked:              40 kB
HighTotal:       2094084 kB
HighFree:         167568 kB
LowTotal:         872584 kB
LowFree:          241660 kB
SwapTotal:       3006460 kB
SwapFree:        2956680 kB
Dirty:               184 kB
Writeback:             0 kB
AnonPages:       1280428 kB
Mapped:           140452 kB
Shmem:            234892 kB
Slab:              89420 kB
SReclaimable:      72940 kB
SUnreclaim:        16480 kB
KernelStack:        3344 kB
PageTables:        11332 kB
NFS_Unstable:          0 kB
Bounce:                0 kB
WritebackTmp:          0 kB
CommitLimit:     4489792 kB
Committed_AS:    3972428 kB
VmallocTotal:     122880 kB
VmallocUsed:       16012 kB
VmallocChunk:     105844 kB
HardwareCorrupted:     0 kB
AnonHugePages:         0 kB
HugePages_Total:       0
HugePages_Free:        0
HugePages_Rsvd:        0
HugePages_Surp:        0
Hugepagesize:       2048 kB
DirectMap4k:       10232 kB
DirectMap2M:      903168 kB


CPU:total 2 (2 cores per cpu, 1 threads per core) family 6 model 15 stepping 13, cmov, cx8, fxsr, mmx, sse, sse2, sse3, ssse3

Memory: 4k page, physical 2966668k(409228k free), swap 3006460k(2956680k free)

vm_info: OpenJDK Server VM (20.0-b12) for linux-x86 JRE (1.6.0_27-b27), built on Apr 25 2013 14:59:06 by "buildd" with gcc 4.6.3

time: Wed May 15 13:26:22 2013
elapsed time: 0 seconds

