#
# A fatal error has been detected by the Java Runtime Environment:
#
#  Internal Error (classFileParser.cpp:3494), pid=28157, tid=3061279552
#  Error: ShouldNotReachHere()
#
# JRE version: 6.0_27-b27
# Java VM: OpenJDK Server VM (20.0-b12 mixed mode linux-x86 )
# Derivative: IcedTea6 1.12.5
# Distribution: Ubuntu 12.04 LTS, package 6b27-1.12.5-0ubuntu0.12.04.1
# If you would like to submit a bug report, please include
# instructions how to reproduce the bug and visit:
#   https://bugs.launchpad.net/ubuntu/+source/openjdk-6/
#

---------------  T H R E A D  ---------------

Current thread (0xb6607800):  JavaThread "Unknown thread" [_thread_in_vm, id=28164, stack(0xb6726000,0xb6777000)]

Stack: [0xb6726000,0xb6777000]
[error occurred during error reporting (printing stack bounds), id 0xb]


[error occurred during error reporting (printing native stack), id 0xb]


---------------  P R O C E S S  ---------------

Java Threads: ( => current thread )

Other Threads:

=>0xb6607800 (exited) JavaThread "Unknown thread" [_thread_in_vm, id=28164, stack(0xb6726000,0xb6777000)]

VM state:not at safepoint (not fully initialized)

VM Mutex/Monitor currently owned by a thread: None

Dynamic libraries:
08048000-08051000 r-xp 00000000 08:06 671503     /usr/lib/jvm/java-6-openjdk-i386/jre/bin/java
08051000-08052000 r--p 00008000 08:06 671503     /usr/lib/jvm/java-6-openjdk-i386/jre/bin/java
08052000-08053000 rw-p 00009000 08:06 671503     /usr/lib/jvm/java-6-openjdk-i386/jre/bin/java
09be1000-09c02000 rw-p 00000000 00:00 0          [heap]
7d53a000-7d600000 r--s 0116f000 08:06 678107     /home/fear-sfx/Desktop/Android/android-sdks/platforms/android-17/android.jar
7d600000-7d621000 rw-p 00000000 00:00 0 
7d621000-7d700000 ---p 00000000 00:00 0 
7d77f000-7d780000 ---p 00000000 00:00 0 
7d780000-7d800000 rw-p 00000000 00:00 0          [stack:28166]
7d800000-7d821000 rw-p 00000000 00:00 0 
7d821000-7d900000 ---p 00000000 00:00 0 
7d931000-7d932000 ---p 00000000 00:00 0 
7d932000-7d9ba000 rw-p 00000000 00:00 0          [stack:28165]
7d9ba000-7d9f2000 rw-p 00000000 00:00 0 
7d9f2000-7da02000 rw-p 00000000 00:00 0 
7da02000-7dae4000 rw-p 00000000 00:00 0 
7dae4000-7daec000 rw-p 00000000 00:00 0 
7daec000-7db24000 rw-p 00000000 00:00 0 
7db24000-7db34000 rw-p 00000000 00:00 0 
7db34000-7dc16000 rw-p 00000000 00:00 0 
7dc16000-7dc1e000 rw-p 00000000 00:00 0 
7dc1e000-7dc8f000 rw-p 00000000 00:00 0 
7dc8f000-7ec90000 rw-p 00000000 00:00 0 
7ec90000-85c90000 rw-p 00000000 00:00 0 
85c90000-87ad0000 rw-p 00000000 00:00 0 
87ad0000-a4090000 rw-p 00000000 00:00 0 
a4090000-a4fa0000 rw-p 00000000 00:00 0 
a4fa0000-b3290000 rw-p 00000000 00:00 0 
b329f000-b32a8000 rw-p 00000000 00:00 0 
b32a8000-b335f000 rw-p 00000000 00:00 0 
b335f000-b359f000 rwxp 00000000 00:00 0 
b359f000-b635f000 rw-p 00000000 00:00 0 
b635f000-b636a000 r-xp 00000000 08:06 261677     /lib/i386-linux-gnu/libnss_files-2.15.so
b636a000-b636b000 r--p 0000a000 08:06 261677     /lib/i386-linux-gnu/libnss_files-2.15.so
b636b000-b636c000 rw-p 0000b000 08:06 261677     /lib/i386-linux-gnu/libnss_files-2.15.so
b636c000-b6376000 r-xp 00000000 08:06 266015     /lib/i386-linux-gnu/libnss_nis-2.15.so
b6376000-b6377000 r--p 00009000 08:06 266015     /lib/i386-linux-gnu/libnss_nis-2.15.so
b6377000-b6378000 rw-p 0000a000 08:06 266015     /lib/i386-linux-gnu/libnss_nis-2.15.so
b6378000-b638e000 r-xp 00000000 08:06 266077     /lib/i386-linux-gnu/libnsl-2.15.so
b638e000-b638f000 r--p 00015000 08:06 266077     /lib/i386-linux-gnu/libnsl-2.15.so
b638f000-b6390000 rw-p 00016000 08:06 266077     /lib/i386-linux-gnu/libnsl-2.15.so
b6390000-b6392000 rw-p 00000000 00:00 0 
b6392000-b6592000 r--p 00000000 08:06 532014     /usr/lib/locale/locale-archive
b6592000-b6595000 r-xp 00000000 08:06 710886     /usr/lib/jvm/java-6-openjdk-i386/jre/lib/i386/libnpt.so
b6595000-b6596000 r--p 00002000 08:06 710886     /usr/lib/jvm/java-6-openjdk-i386/jre/lib/i386/libnpt.so
b6596000-b6597000 rw-p 00003000 08:06 710886     /usr/lib/jvm/java-6-openjdk-i386/jre/lib/i386/libnpt.so
b6597000-b65d5000 r-xp 00000000 08:06 710916     /usr/lib/jvm/java-6-openjdk-i386/jre/lib/i386/libjdwp.so
b65d5000-b65d6000 r--p 0003d000 08:06 710916     /usr/lib/jvm/java-6-openjdk-i386/jre/lib/i386/libjdwp.so
b65d6000-b65d7000 rw-p 0003e000 08:06 710916     /usr/lib/jvm/java-6-openjdk-i386/jre/lib/i386/libjdwp.so
b65d7000-b65fd000 r-xp 00000000 08:06 710887     /usr/lib/jvm/java-6-openjdk-i386/jre/lib/i386/libjava.so
b65fd000-b65fe000 r--p 00025000 08:06 710887     /usr/lib/jvm/java-6-openjdk-i386/jre/lib/i386/libjava.so
b65fe000-b6600000 rw-p 00026000 08:06 710887     /usr/lib/jvm/java-6-openjdk-i386/jre/lib/i386/libjava.so
b6600000-b6663000 rw-p 00000000 00:00 0 
b6663000-b6700000 ---p 00000000 00:00 0 
b6700000-b6707000 r-xp 00000000 08:06 261675     /lib/i386-linux-gnu/libnss_compat-2.15.so
b6707000-b6708000 r--p 00006000 08:06 261675     /lib/i386-linux-gnu/libnss_compat-2.15.so
b6708000-b6709000 rw-p 00007000 08:06 261675     /lib/i386-linux-gnu/libnss_compat-2.15.so
b670c000-b6713000 r-xp 00000000 08:06 710892     /usr/lib/jvm/java-6-openjdk-i386/jre/lib/i386/libzip.so
b6713000-b6714000 r--p 00006000 08:06 710892     /usr/lib/jvm/java-6-openjdk-i386/jre/lib/i386/libzip.so
b6714000-b6715000 rw-p 00007000 08:06 710892     /usr/lib/jvm/java-6-openjdk-i386/jre/lib/i386/libzip.so
b6715000-b671d000 rw-s 00000000 08:06 22467      /tmp/hsperfdata_fear-sfx/28157
b671d000-b6724000 r-xp 00000000 08:06 262563     /lib/i386-linux-gnu/librt-2.15.so
b6724000-b6725000 r--p 00006000 08:06 262563     /lib/i386-linux-gnu/librt-2.15.so
b6725000-b6726000 rw-p 00007000 08:06 262563     /lib/i386-linux-gnu/librt-2.15.so
b6726000-b6729000 ---p 00000000 00:00 0 
b6729000-b6777000 rw-p 00000000 00:00 0          [stack:28164]
b6777000-b6793000 r-xp 00000000 08:06 262486     /lib/i386-linux-gnu/libgcc_s.so.1
b6793000-b6794000 r--p 0001b000 08:06 262486     /lib/i386-linux-gnu/libgcc_s.so.1
b6794000-b6795000 rw-p 0001c000 08:06 262486     /lib/i386-linux-gnu/libgcc_s.so.1
b6795000-b67bf000 r-xp 00000000 08:06 266063     /lib/i386-linux-gnu/libm-2.15.so
b67bf000-b67c0000 r--p 00029000 08:06 266063     /lib/i386-linux-gnu/libm-2.15.so
b67c0000-b67c1000 rw-p 0002a000 08:06 266063     /lib/i386-linux-gnu/libm-2.15.so
b67c1000-b6899000 r-xp 00000000 08:06 528356     /usr/lib/i386-linux-gnu/libstdc++.so.6.0.16
b6899000-b689a000 ---p 000d8000 08:06 528356     /usr/lib/i386-linux-gnu/libstdc++.so.6.0.16
b689a000-b689e000 r--p 000d8000 08:06 528356     /usr/lib/i386-linux-gnu/libstdc++.so.6.0.16
b689e000-b689f000 rw-p 000dc000 08:06 528356     /usr/lib/i386-linux-gnu/libstdc++.so.6.0.16
b689f000-b68a6000 rw-p 00000000 00:00 0 
b68a6000-b70c5000 r-xp 00000000 08:06 710902     /usr/lib/jvm/java-6-openjdk-i386/jre/lib/i386/server/libjvm.so
b70c5000-b710a000 r--p 0081f000 08:06 710902     /usr/lib/jvm/java-6-openjdk-i386/jre/lib/i386/server/libjvm.so
b710a000-b7119000 rw-p 00864000 08:06 710902     /usr/lib/jvm/java-6-openjdk-i386/jre/lib/i386/server/libjvm.so
b7119000-b7535000 rw-p 00000000 00:00 0 
b7535000-b7549000 r-xp 00000000 08:06 262576     /lib/i386-linux-gnu/libz.so.1.2.3.4
b7549000-b754a000 r--p 00013000 08:06 262576     /lib/i386-linux-gnu/libz.so.1.2.3.4
b754a000-b754b000 rw-p 00014000 08:06 262576     /lib/i386-linux-gnu/libz.so.1.2.3.4
b754b000-b76ee000 r-xp 00000000 08:06 261673     /lib/i386-linux-gnu/libc-2.15.so
b76ee000-b76f0000 r--p 001a3000 08:06 261673     /lib/i386-linux-gnu/libc-2.15.so
b76f0000-b76f1000 rw-p 001a5000 08:06 261673     /lib/i386-linux-gnu/libc-2.15.so
b76f1000-b76f4000 rw-p 00000000 00:00 0 
b76f4000-b76f7000 r-xp 00000000 08:06 266071     /lib/i386-linux-gnu/libdl-2.15.so
b76f7000-b76f8000 r--p 00002000 08:06 266071     /lib/i386-linux-gnu/libdl-2.15.so
b76f8000-b76f9000 rw-p 00003000 08:06 266071     /lib/i386-linux-gnu/libdl-2.15.so
b76f9000-b76fd000 r-xp 00000000 08:06 710895     /usr/lib/jvm/java-6-openjdk-i386/jre/lib/i386/jli/libjli.so
b76fd000-b76fe000 r--p 00003000 08:06 710895     /usr/lib/jvm/java-6-openjdk-i386/jre/lib/i386/jli/libjli.so
b76fe000-b76ff000 rw-p 00004000 08:06 710895     /usr/lib/jvm/java-6-openjdk-i386/jre/lib/i386/jli/libjli.so
b76ff000-b7700000 rw-p 00000000 00:00 0 
b7700000-b7717000 r-xp 00000000 08:06 266016     /lib/i386-linux-gnu/libpthread-2.15.so
b7717000-b7718000 r--p 00016000 08:06 266016     /lib/i386-linux-gnu/libpthread-2.15.so
b7718000-b7719000 rw-p 00017000 08:06 266016     /lib/i386-linux-gnu/libpthread-2.15.so
b7719000-b771b000 rw-p 00000000 00:00 0 
b771e000-b771f000 r--p 005e0000 08:06 532014     /usr/lib/locale/locale-archive
b771f000-b7720000 rw-p 00000000 00:00 0 
b7720000-b7721000 r--p 00000000 00:00 0 
b7721000-b772c000 r-xp 00000000 08:06 710910     /usr/lib/jvm/java-6-openjdk-i386/jre/lib/i386/libverify.so
b772c000-b772d000 ---p 0000b000 08:06 710910     /usr/lib/jvm/java-6-openjdk-i386/jre/lib/i386/libverify.so
b772d000-b772e000 r--p 0000b000 08:06 710910     /usr/lib/jvm/java-6-openjdk-i386/jre/lib/i386/libverify.so
b772e000-b772f000 rw-p 0000c000 08:06 710910     /usr/lib/jvm/java-6-openjdk-i386/jre/lib/i386/libverify.so
b772f000-b7731000 rw-p 00000000 00:00 0 
b7731000-b7732000 r-xp 00000000 00:00 0          [vdso]
b7732000-b7752000 r-xp 00000000 08:06 266065     /lib/i386-linux-gnu/ld-2.15.so
b7752000-b7753000 r--p 0001f000 08:06 266065     /lib/i386-linux-gnu/ld-2.15.so
b7753000-b7754000 rw-p 00020000 08:06 266065     /lib/i386-linux-gnu/ld-2.15.so
bfe30000-bfe51000 rw-p 00000000 00:00 0          [stack]

VM Arguments:
jvm_args: -agentlib:jdwp=transport=dt_socket,suspend=y,address=localhost:38210 -Dfile.encoding=UTF-8 -Xbootclasspath:/home/fear-sfx/Desktop/Android/android-sdks/platforms/android-17/android.jar 
java_command: org.eclipse.jdt.internal.junit.runner.RemoteTestRunner -version 3 -port 47992 -testLoaderClass org.eclipse.jdt.internal.junit.runner.junit3.JUnit3TestLoader -loaderpluginname org.eclipse.jdt.junit.runtime -classNames com.fearsfx.cheatersParadise.test.DownloaderTest
Launcher Type: SUN_STANDARD

Environment Variables:
PATH=/usr/lib/lightdm/lightdm:/usr/local/sbin:/usr/local/bin:/usr/sbin:/usr/bin:/sbin:/bin:/usr/games
LD_LIBRARY_PATH=/usr/lib/jvm/java-6-openjdk-i386/jre/lib/i386/server:/usr/lib/jvm/java-6-openjdk-i386/jre/lib/i386:/usr/lib/jvm/java-6-openjdk-i386/jre/../lib/i386:/usr/lib/jvm/java-6-openjdk-i386/jre/lib/i386/client:/usr/lib/jvm/java-6-openjdk-i386/jre/lib/i386:
SHELL=/bin/bash
DISPLAY=:0

Signal Handlers:
SIGSEGV: [libjvm.so+0x66b2b0], sa_mask[0]=0x7ffbfeff, sa_flags=0x10000004
SIGBUS: [libjvm.so+0x66b2b0], sa_mask[0]=0x7ffbfeff, sa_flags=0x10000004
SIGFPE: [libjvm.so+0x52e950], sa_mask[0]=0x7ffbfeff, sa_flags=0x10000004
SIGPIPE: [libjvm.so+0x52e950], sa_mask[0]=0x7ffbfeff, sa_flags=0x10000004
SIGXFSZ: [libjvm.so+0x52e950], sa_mask[0]=0x7ffbfeff, sa_flags=0x10000004
SIGILL: [libjvm.so+0x52e950], sa_mask[0]=0x7ffbfeff, sa_flags=0x10000004
SIGUSR1: SIG_DFL, sa_mask[0]=0x00000000, sa_flags=0x00000000
SIGUSR2: [libjvm.so+0x52e7e0], sa_mask[0]=0x00000004, sa_flags=0x10000004
SIGHUP: SIG_DFL, sa_mask[0]=0x00000000, sa_flags=0x00000000
SIGINT: SIG_DFL, sa_mask[0]=0x00000000, sa_flags=0x00000000
SIGTERM: SIG_DFL, sa_mask[0]=0x00000000, sa_flags=0x00000000
SIGQUIT: SIG_DFL, sa_mask[0]=0x00000000, sa_flags=0x00000000


---------------  S Y S T E M  ---------------

OS:Ubuntu 12.04 (precise)
uname:Linux 3.5.0-28-generic #48~precise1-Ubuntu SMP Wed Apr 24 21:43:05 UTC 2013 i686
libc:glibc 2.15 NPTL 2.15 
rlimit: STACK 8192k, CORE 0k, NPROC 23053, NOFILE 4096, AS infinity
load average:0.27 0.43 0.65

/proc/meminfo:
MemTotal:        2966668 kB
MemFree:          412884 kB
Buffers:           99872 kB
Cached:          1045276 kB
SwapCached:         1864 kB
Active:          1434588 kB
Inactive:         995168 kB
Active(anon):     969756 kB
Inactive(anon):   542704 kB
Active(file):     464832 kB
Inactive(file):   452464 kB
Unevictable:          40 kB
Mlocked:              40 kB
HighTotal:       2094084 kB
HighFree:         171164 kB
LowTotal:         872584 kB
LowFree:          241720 kB
SwapTotal:       3006460 kB
SwapFree:        2956684 kB
Dirty:               264 kB
Writeback:             0 kB
AnonPages:       1282836 kB
Mapped:           138520 kB
Shmem:            227852 kB
Slab:              89416 kB
SReclaimable:      72932 kB
SUnreclaim:        16484 kB
KernelStack:        3352 kB
PageTables:        11280 kB
NFS_Unstable:          0 kB
Bounce:                0 kB
WritebackTmp:          0 kB
CommitLimit:     4489792 kB
Committed_AS:    3966968 kB
VmallocTotal:     122880 kB
VmallocUsed:       16000 kB
VmallocChunk:     105844 kB
HardwareCorrupted:     0 kB
AnonHugePages:         0 kB
HugePages_Total:       0
HugePages_Free:        0
HugePages_Rsvd:        0
HugePages_Surp:        0
Hugepagesize:       2048 kB
DirectMap4k:       10232 kB
DirectMap2M:      903168 kB


CPU:total 2 (2 cores per cpu, 1 threads per core) family 6 model 15 stepping 13, cmov, cx8, fxsr, mmx, sse, sse2, sse3, ssse3

Memory: 4k page, physical 2966668k(412884k free), swap 3006460k(2956684k free)

vm_info: OpenJDK Server VM (20.0-b12) for linux-x86 JRE (1.6.0_27-b27), built on Apr 25 2013 14:59:06 by "buildd" with gcc 4.6.3

time: Wed May 15 13:27:08 2013
elapsed time: 0 seconds

