#
# A fatal error has been detected by the Java Runtime Environment:
#
#  Internal Error (classFileParser.cpp:3494), pid=28117, tid=3061447488
#  Error: ShouldNotReachHere()
#
# JRE version: 6.0_27-b27
# Java VM: OpenJDK Server VM (20.0-b12 mixed mode linux-x86 )
# Derivative: IcedTea6 1.12.5
# Distribution: Ubuntu 12.04 LTS, package 6b27-1.12.5-0ubuntu0.12.04.1
# If you would like to submit a bug report, please include
# instructions how to reproduce the bug and visit:
#   https://bugs.launchpad.net/ubuntu/+source/openjdk-6/
#

---------------  T H R E A D  ---------------

Current thread (0xb6607800):  JavaThread "Unknown thread" [_thread_in_vm, id=28124, stack(0xb674f000,0xb67a0000)]

Stack: [0xb674f000,0xb67a0000]
[error occurred during error reporting (printing stack bounds), id 0xb]


[error occurred during error reporting (printing native stack), id 0xb]


---------------  P R O C E S S  ---------------

Java Threads: ( => current thread )

Other Threads:

=>0xb6607800 (exited) JavaThread "Unknown thread" [_thread_in_vm, id=28124, stack(0xb674f000,0xb67a0000)]

VM state:not at safepoint (not fully initialized)

VM Mutex/Monitor currently owned by a thread: None

Dynamic libraries:
08048000-08051000 r-xp 00000000 08:06 671503     /usr/lib/jvm/java-6-openjdk-i386/jre/bin/java
08051000-08052000 r--p 00008000 08:06 671503     /usr/lib/jvm/java-6-openjdk-i386/jre/bin/java
08052000-08053000 rw-p 00009000 08:06 671503     /usr/lib/jvm/java-6-openjdk-i386/jre/bin/java
09f49000-09f6a000 rw-p 00000000 00:00 0          [heap]
7d53a000-7d600000 r--s 0116f000 08:06 678107     /home/fear-sfx/Desktop/Android/android-sdks/platforms/android-17/android.jar
7d600000-7d621000 rw-p 00000000 00:00 0 
7d621000-7d700000 ---p 00000000 00:00 0 
7d77f000-7d780000 ---p 00000000 00:00 0 
7d780000-7d800000 rw-p 00000000 00:00 0          [stack:28126]
7d800000-7d821000 rw-p 00000000 00:00 0 
7d821000-7d900000 ---p 00000000 00:00 0 
7d961000-7d962000 ---p 00000000 00:00 0 
7d962000-7d9ea000 rw-p 00000000 00:00 0          [stack:28125]
7d9ea000-7da22000 rw-p 00000000 00:00 0 
7da22000-7da32000 rw-p 00000000 00:00 0 
7da32000-7db14000 rw-p 00000000 00:00 0 
7db14000-7db1c000 rw-p 00000000 00:00 0 
7db1c000-7db54000 rw-p 00000000 00:00 0 
7db54000-7db64000 rw-p 00000000 00:00 0 
7db64000-7dc46000 rw-p 00000000 00:00 0 
7dc46000-7dc4e000 rw-p 00000000 00:00 0 
7dc4e000-7dcbf000 rw-p 00000000 00:00 0 
7dcbf000-7ecc0000 rw-p 00000000 00:00 0 
7ecc0000-85cc0000 rw-p 00000000 00:00 0 
85cc0000-87b00000 rw-p 00000000 00:00 0 
87b00000-a40c0000 rw-p 00000000 00:00 0 
a40c0000-a4fd0000 rw-p 00000000 00:00 0 
a4fd0000-b32c0000 rw-p 00000000 00:00 0 
b32c4000-b32cd000 rw-p 00000000 00:00 0 
b32cd000-b3384000 rw-p 00000000 00:00 0 
b3384000-b35c4000 rwxp 00000000 00:00 0 
b35c4000-b6384000 rw-p 00000000 00:00 0 
b6384000-b638f000 r-xp 00000000 08:06 261677     /lib/i386-linux-gnu/libnss_files-2.15.so
b638f000-b6390000 r--p 0000a000 08:06 261677     /lib/i386-linux-gnu/libnss_files-2.15.so
b6390000-b6391000 rw-p 0000b000 08:06 261677     /lib/i386-linux-gnu/libnss_files-2.15.so
b6391000-b639b000 r-xp 00000000 08:06 266015     /lib/i386-linux-gnu/libnss_nis-2.15.so
b639b000-b639c000 r--p 00009000 08:06 266015     /lib/i386-linux-gnu/libnss_nis-2.15.so
b639c000-b639d000 rw-p 0000a000 08:06 266015     /lib/i386-linux-gnu/libnss_nis-2.15.so
b639d000-b63b3000 r-xp 00000000 08:06 266077     /lib/i386-linux-gnu/libnsl-2.15.so
b63b3000-b63b4000 r--p 00015000 08:06 266077     /lib/i386-linux-gnu/libnsl-2.15.so
b63b4000-b63b5000 rw-p 00016000 08:06 266077     /lib/i386-linux-gnu/libnsl-2.15.so
b63b5000-b63b7000 rw-p 00000000 00:00 0 
b63b7000-b63be000 r-xp 00000000 08:06 261675     /lib/i386-linux-gnu/libnss_compat-2.15.so
b63be000-b63bf000 r--p 00006000 08:06 261675     /lib/i386-linux-gnu/libnss_compat-2.15.so
b63bf000-b63c0000 rw-p 00007000 08:06 261675     /lib/i386-linux-gnu/libnss_compat-2.15.so
b63c0000-b65c0000 r--p 00000000 08:06 532014     /usr/lib/locale/locale-archive
b65c0000-b65fe000 r-xp 00000000 08:06 710916     /usr/lib/jvm/java-6-openjdk-i386/jre/lib/i386/libjdwp.so
b65fe000-b65ff000 r--p 0003d000 08:06 710916     /usr/lib/jvm/java-6-openjdk-i386/jre/lib/i386/libjdwp.so
b65ff000-b6600000 rw-p 0003e000 08:06 710916     /usr/lib/jvm/java-6-openjdk-i386/jre/lib/i386/libjdwp.so
b6600000-b6663000 rw-p 00000000 00:00 0 
b6663000-b6700000 ---p 00000000 00:00 0 
b6707000-b670e000 r-xp 00000000 08:06 710892     /usr/lib/jvm/java-6-openjdk-i386/jre/lib/i386/libzip.so
b670e000-b670f000 r--p 00006000 08:06 710892     /usr/lib/jvm/java-6-openjdk-i386/jre/lib/i386/libzip.so
b670f000-b6710000 rw-p 00007000 08:06 710892     /usr/lib/jvm/java-6-openjdk-i386/jre/lib/i386/libzip.so
b6710000-b6718000 rw-s 00000000 08:06 22467      /tmp/hsperfdata_fear-sfx/28117
b6718000-b671b000 r-xp 00000000 08:06 710886     /usr/lib/jvm/java-6-openjdk-i386/jre/lib/i386/libnpt.so
b671b000-b671c000 r--p 00002000 08:06 710886     /usr/lib/jvm/java-6-openjdk-i386/jre/lib/i386/libnpt.so
b671c000-b671d000 rw-p 00003000 08:06 710886     /usr/lib/jvm/java-6-openjdk-i386/jre/lib/i386/libnpt.so
b671d000-b6743000 r-xp 00000000 08:06 710887     /usr/lib/jvm/java-6-openjdk-i386/jre/lib/i386/libjava.so
b6743000-b6744000 r--p 00025000 08:06 710887     /usr/lib/jvm/java-6-openjdk-i386/jre/lib/i386/libjava.so
b6744000-b6746000 rw-p 00026000 08:06 710887     /usr/lib/jvm/java-6-openjdk-i386/jre/lib/i386/libjava.so
b6746000-b674d000 r-xp 00000000 08:06 262563     /lib/i386-linux-gnu/librt-2.15.so
b674d000-b674e000 r--p 00006000 08:06 262563     /lib/i386-linux-gnu/librt-2.15.so
b674e000-b674f000 rw-p 00007000 08:06 262563     /lib/i386-linux-gnu/librt-2.15.so
b674f000-b6752000 ---p 00000000 00:00 0 
b6752000-b67a0000 rw-p 00000000 00:00 0          [stack:28124]
b67a0000-b67bc000 r-xp 00000000 08:06 262486     /lib/i386-linux-gnu/libgcc_s.so.1
b67bc000-b67bd000 r--p 0001b000 08:06 262486     /lib/i386-linux-gnu/libgcc_s.so.1
b67bd000-b67be000 rw-p 0001c000 08:06 262486     /lib/i386-linux-gnu/libgcc_s.so.1
b67be000-b67e8000 r-xp 00000000 08:06 266063     /lib/i386-linux-gnu/libm-2.15.so
b67e8000-b67e9000 r--p 00029000 08:06 266063     /lib/i386-linux-gnu/libm-2.15.so
b67e9000-b67ea000 rw-p 0002a000 08:06 266063     /lib/i386-linux-gnu/libm-2.15.so
b67ea000-b68c2000 r-xp 00000000 08:06 528356     /usr/lib/i386-linux-gnu/libstdc++.so.6.0.16
b68c2000-b68c3000 ---p 000d8000 08:06 528356     /usr/lib/i386-linux-gnu/libstdc++.so.6.0.16
b68c3000-b68c7000 r--p 000d8000 08:06 528356     /usr/lib/i386-linux-gnu/libstdc++.so.6.0.16
b68c7000-b68c8000 rw-p 000dc000 08:06 528356     /usr/lib/i386-linux-gnu/libstdc++.so.6.0.16
b68c8000-b68cf000 rw-p 00000000 00:00 0 
b68cf000-b70ee000 r-xp 00000000 08:06 710902     /usr/lib/jvm/java-6-openjdk-i386/jre/lib/i386/server/libjvm.so
b70ee000-b7133000 r--p 0081f000 08:06 710902     /usr/lib/jvm/java-6-openjdk-i386/jre/lib/i386/server/libjvm.so
b7133000-b7142000 rw-p 00864000 08:06 710902     /usr/lib/jvm/java-6-openjdk-i386/jre/lib/i386/server/libjvm.so
b7142000-b755e000 rw-p 00000000 00:00 0 
b755e000-b7572000 r-xp 00000000 08:06 262576     /lib/i386-linux-gnu/libz.so.1.2.3.4
b7572000-b7573000 r--p 00013000 08:06 262576     /lib/i386-linux-gnu/libz.so.1.2.3.4
b7573000-b7574000 rw-p 00014000 08:06 262576     /lib/i386-linux-gnu/libz.so.1.2.3.4
b7574000-b7717000 r-xp 00000000 08:06 261673     /lib/i386-linux-gnu/libc-2.15.so
b7717000-b7719000 r--p 001a3000 08:06 261673     /lib/i386-linux-gnu/libc-2.15.so
b7719000-b771a000 rw-p 001a5000 08:06 261673     /lib/i386-linux-gnu/libc-2.15.so
b771a000-b771d000 rw-p 00000000 00:00 0 
b771d000-b7720000 r-xp 00000000 08:06 266071     /lib/i386-linux-gnu/libdl-2.15.so
b7720000-b7721000 r--p 00002000 08:06 266071     /lib/i386-linux-gnu/libdl-2.15.so
b7721000-b7722000 rw-p 00003000 08:06 266071     /lib/i386-linux-gnu/libdl-2.15.so
b7722000-b7726000 r-xp 00000000 08:06 710895     /usr/lib/jvm/java-6-openjdk-i386/jre/lib/i386/jli/libjli.so
b7726000-b7727000 r--p 00003000 08:06 710895     /usr/lib/jvm/java-6-openjdk-i386/jre/lib/i386/jli/libjli.so
b7727000-b7728000 rw-p 00004000 08:06 710895     /usr/lib/jvm/java-6-openjdk-i386/jre/lib/i386/jli/libjli.so
b7728000-b7729000 rw-p 00000000 00:00 0 
b7729000-b7740000 r-xp 00000000 08:06 266016     /lib/i386-linux-gnu/libpthread-2.15.so
b7740000-b7741000 r--p 00016000 08:06 266016     /lib/i386-linux-gnu/libpthread-2.15.so
b7741000-b7742000 rw-p 00017000 08:06 266016     /lib/i386-linux-gnu/libpthread-2.15.so
b7742000-b7744000 rw-p 00000000 00:00 0 
b7747000-b7748000 r--p 005e0000 08:06 532014     /usr/lib/locale/locale-archive
b7748000-b7749000 rw-p 00000000 00:00 0 
b7749000-b774a000 r--p 00000000 00:00 0 
b774a000-b7755000 r-xp 00000000 08:06 710910     /usr/lib/jvm/java-6-openjdk-i386/jre/lib/i386/libverify.so
b7755000-b7756000 ---p 0000b000 08:06 710910     /usr/lib/jvm/java-6-openjdk-i386/jre/lib/i386/libverify.so
b7756000-b7757000 r--p 0000b000 08:06 710910     /usr/lib/jvm/java-6-openjdk-i386/jre/lib/i386/libverify.so
b7757000-b7758000 rw-p 0000c000 08:06 710910     /usr/lib/jvm/java-6-openjdk-i386/jre/lib/i386/libverify.so
b7758000-b775a000 rw-p 00000000 00:00 0 
b775a000-b775b000 r-xp 00000000 00:00 0          [vdso]
b775b000-b777b000 r-xp 00000000 08:06 266065     /lib/i386-linux-gnu/ld-2.15.so
b777b000-b777c000 r--p 0001f000 08:06 266065     /lib/i386-linux-gnu/ld-2.15.so
b777c000-b777d000 rw-p 00020000 08:06 266065     /lib/i386-linux-gnu/ld-2.15.so
bfcc5000-bfce6000 rw-p 00000000 00:00 0          [stack]

VM Arguments:
jvm_args: -agentlib:jdwp=transport=dt_socket,suspend=y,address=localhost:45799 -Dfile.encoding=UTF-8 -Xbootclasspath:/home/fear-sfx/Desktop/Android/android-sdks/platforms/android-17/android.jar 
java_command: org.eclipse.jdt.internal.junit.runner.RemoteTestRunner -version 3 -port 44075 -testLoaderClass org.eclipse.jdt.internal.junit.runner.junit3.JUnit3TestLoader -loaderpluginname org.eclipse.jdt.junit.runtime -classNames com.fearsfx.cheatersParadise.test.DownloaderTest
Launcher Type: SUN_STANDARD

Environment Variables:
PATH=/usr/lib/lightdm/lightdm:/usr/local/sbin:/usr/local/bin:/usr/sbin:/usr/bin:/sbin:/bin:/usr/games
LD_LIBRARY_PATH=/usr/lib/jvm/java-6-openjdk-i386/jre/lib/i386/server:/usr/lib/jvm/java-6-openjdk-i386/jre/lib/i386:/usr/lib/jvm/java-6-openjdk-i386/jre/../lib/i386:/usr/lib/jvm/java-6-openjdk-i386/jre/lib/i386/client:/usr/lib/jvm/java-6-openjdk-i386/jre/lib/i386:
SHELL=/bin/bash
DISPLAY=:0

Signal Handlers:
SIGSEGV: [libjvm.so+0x66b2b0], sa_mask[0]=0x7ffbfeff, sa_flags=0x10000004
SIGBUS: [libjvm.so+0x66b2b0], sa_mask[0]=0x7ffbfeff, sa_flags=0x10000004
SIGFPE: [libjvm.so+0x52e950], sa_mask[0]=0x7ffbfeff, sa_flags=0x10000004
SIGPIPE: [libjvm.so+0x52e950], sa_mask[0]=0x7ffbfeff, sa_flags=0x10000004
SIGXFSZ: [libjvm.so+0x52e950], sa_mask[0]=0x7ffbfeff, sa_flags=0x10000004
SIGILL: [libjvm.so+0x52e950], sa_mask[0]=0x7ffbfeff, sa_flags=0x10000004
SIGUSR1: SIG_DFL, sa_mask[0]=0x00000000, sa_flags=0x00000000
SIGUSR2: [libjvm.so+0x52e7e0], sa_mask[0]=0x00000004, sa_flags=0x10000004
SIGHUP: SIG_DFL, sa_mask[0]=0x00000000, sa_flags=0x00000000
SIGINT: SIG_DFL, sa_mask[0]=0x00000000, sa_flags=0x00000000
SIGTERM: SIG_DFL, sa_mask[0]=0x00000000, sa_flags=0x00000000
SIGQUIT: SIG_DFL, sa_mask[0]=0x00000000, sa_flags=0x00000000


---------------  S Y S T E M  ---------------

OS:Ubuntu 12.04 (precise)
uname:Linux 3.5.0-28-generic #48~precise1-Ubuntu SMP Wed Apr 24 21:43:05 UTC 2013 i686
libc:glibc 2.15 NPTL 2.15 
rlimit: STACK 8192k, CORE 0k, NPROC 23053, NOFILE 4096, AS infinity
load average:0.31 0.45 0.66

/proc/meminfo:
MemTotal:        2966668 kB
MemFree:          417204 kB
Buffers:           99824 kB
Cached:          1043368 kB
SwapCached:         1864 kB
Active:          1431612 kB
Inactive:         993932 kB
Active(anon):     967700 kB
Inactive(anon):   540776 kB
Active(file):     463912 kB
Inactive(file):   453156 kB
Unevictable:          40 kB
Mlocked:              40 kB
HighTotal:       2094084 kB
HighFree:         175380 kB
LowTotal:         872584 kB
LowFree:          241824 kB
SwapTotal:       3006460 kB
SwapFree:        2956684 kB
Dirty:               120 kB
Writeback:             0 kB
AnonPages:       1280840 kB
Mapped:           140920 kB
Shmem:            225996 kB
Slab:              89412 kB
SReclaimable:      72932 kB
SUnreclaim:        16480 kB
KernelStack:        3328 kB
PageTables:        11268 kB
NFS_Unstable:          0 kB
Bounce:                0 kB
WritebackTmp:          0 kB
CommitLimit:     4489792 kB
Committed_AS:    3963904 kB
VmallocTotal:     122880 kB
VmallocUsed:       16000 kB
VmallocChunk:     105844 kB
HardwareCorrupted:     0 kB
AnonHugePages:         0 kB
HugePages_Total:       0
HugePages_Free:        0
HugePages_Rsvd:        0
HugePages_Surp:        0
Hugepagesize:       2048 kB
DirectMap4k:       10232 kB
DirectMap2M:      903168 kB


CPU:total 2 (2 cores per cpu, 1 threads per core) family 6 model 15 stepping 13, cmov, cx8, fxsr, mmx, sse, sse2, sse3, ssse3

Memory: 4k page, physical 2966668k(417204k free), swap 3006460k(2956684k free)

vm_info: OpenJDK Server VM (20.0-b12) for linux-x86 JRE (1.6.0_27-b27), built on Apr 25 2013 14:59:06 by "buildd" with gcc 4.6.3

time: Wed May 15 13:26:41 2013
elapsed time: 0 seconds

